<?xml version="1.0" encoding="UTF-8"?>
<testsuite name="org.perryCode.peringbackend.PeringBackendApplicationTests" tests="1" skipped="0" failures="0" errors="0" timestamp="2023-09-28T01:04:21" hostname="LAPTOP-CDNB1E9F" time="1.048">
  <properties/>
  <testcase name="contextLoads()" classname="org.perryCode.peringbackend.PeringBackendApplicationTests" time="1.048"/>
  <system-out><![CDATA[19:04:10.903 [Test worker] INFO org.springframework.test.context.support.AnnotationConfigContextLoaderUtils -- Could not detect default configuration classes for test class [org.perryCode.peringbackend.PeringBackendApplicationTests]: PeringBackendApplicationTests does not declare any static, non-private, non-final, nested classes annotated with @Configuration.
19:04:11.182 [Test worker] INFO org.springframework.boot.test.context.SpringBootTestContextBootstrapper -- Found @SpringBootConfiguration org.perryCode.peringbackend.PeringBackendApplication for test class org.perryCode.peringbackend.PeringBackendApplicationTests

  .   ____          _            __ _ _
 /\\ / ___'_ __ _ _(_)_ __  __ _ \ \ \ \
( ( )\___ | '_ | '_| | '_ \/ _` | \ \ \ \
 \\/  ___)| |_)| | | | | || (_| |  ) ) ) )
  '  |____| .__|_| |_|_| |_\__, | / / / /
 =========|_|==============|___/=/_/_/_/
 :: Spring Boot ::                (v3.1.4)

2023-09-27T19:04:12.116-06:00  INFO 13772 --- [    Test worker] o.p.p.PeringBackendApplicationTests      : Starting PeringBackendApplicationTests using Java 20.0.2 with PID 13772 (started by leodr in D:\Documentos\bootcamp\Backend-Pering\pering-backend)
2023-09-27T19:04:12.119-06:00  INFO 13772 --- [    Test worker] o.p.p.PeringBackendApplicationTests      : The following 1 profile is active: "prod"
2023-09-27T19:04:13.511-06:00  INFO 13772 --- [    Test worker] .s.d.r.c.RepositoryConfigurationDelegate : Bootstrapping Spring Data JPA repositories in DEFAULT mode.
2023-09-27T19:04:13.650-06:00  INFO 13772 --- [    Test worker] .s.d.r.c.RepositoryConfigurationDelegate : Finished Spring Data repository scanning in 117 ms. Found 5 JPA repository interfaces.
2023-09-27T19:04:14.612-06:00  INFO 13772 --- [    Test worker] o.hibernate.jpa.internal.util.LogHelper  : HHH000204: Processing PersistenceUnitInfo [name: default]
2023-09-27T19:04:14.722-06:00  INFO 13772 --- [    Test worker] org.hibernate.Version                    : HHH000412: Hibernate ORM core version 6.2.9.Final
2023-09-27T19:04:14.728-06:00  INFO 13772 --- [    Test worker] org.hibernate.cfg.Environment            : HHH000406: Using bytecode reflection optimizer
2023-09-27T19:04:14.985-06:00  INFO 13772 --- [    Test worker] o.h.b.i.BytecodeProviderInitiator        : HHH000021: Bytecode provider name : bytebuddy
2023-09-27T19:04:15.267-06:00  INFO 13772 --- [    Test worker] o.s.o.j.p.SpringPersistenceUnitInfo      : No LoadTimeWeaver setup: ignoring JPA class transformer
2023-09-27T19:04:15.310-06:00  INFO 13772 --- [    Test worker] com.zaxxer.hikari.HikariDataSource       : HikariPool-1 - Starting...
2023-09-27T19:04:16.306-06:00  INFO 13772 --- [    Test worker] com.zaxxer.hikari.pool.HikariPool        : HikariPool-1 - Added connection com.mysql.cj.jdbc.ConnectionImpl@1eb906f3
2023-09-27T19:04:16.319-06:00  INFO 13772 --- [    Test worker] com.zaxxer.hikari.HikariDataSource       : HikariPool-1 - Start completed.
2023-09-27T19:04:17.328-06:00  INFO 13772 --- [    Test worker] o.h.b.i.BytecodeProviderInitiator        : HHH000021: Bytecode provider name : bytebuddy
2023-09-27T19:04:18.589-06:00  INFO 13772 --- [    Test worker] o.h.e.t.j.p.i.JtaPlatformInitiator       : HHH000490: Using JtaPlatform implementation: [org.hibernate.engine.transaction.jta.platform.internal.NoJtaPlatform]
2023-09-27T19:04:19.136-06:00  INFO 13772 --- [    Test worker] j.LocalContainerEntityManagerFactoryBean : Initialized JPA EntityManagerFactory for persistence unit 'default'
2023-09-27T19:04:20.309-06:00  WARN 13772 --- [    Test worker] JpaBaseConfiguration$JpaWebConfiguration : spring.jpa.open-in-view is enabled by default. Therefore, database queries may be performed during view rendering. Explicitly configure spring.jpa.open-in-view to disable this warning
2023-09-27T19:04:21.184-06:00  INFO 13772 --- [    Test worker] o.s.m.s.b.SimpleBrokerMessageHandler     : Starting...
2023-09-27T19:04:21.187-06:00  INFO 13772 --- [    Test worker] o.s.m.s.b.SimpleBrokerMessageHandler     : BrokerAvailabilityEvent[available=true, SimpleBrokerMessageHandler [org.springframework.messaging.simp.broker.DefaultSubscriptionRegistry@d082916]]
2023-09-27T19:04:21.189-06:00  INFO 13772 --- [    Test worker] o.s.m.s.b.SimpleBrokerMessageHandler     : Started.
2023-09-27T19:04:21.226-06:00  INFO 13772 --- [    Test worker] o.p.p.PeringBackendApplicationTests      : Started PeringBackendApplicationTests in 9.626 seconds (process running for 12.419)
]]></system-out>
  <system-err><![CDATA[]]></system-err>
</testsuite>
